{
  "RSpec": {
    "coverage": {
      "/Users/trevorrobinson/turing/mod3/projects/final/sweater_weather/spec/facades/background_facade_spec.rb": {
        "lines": [
          1,
          1,
          1,
          1,
          1,
          1,
          1,
          1,
          1,
          1,
          1,
          1,
          1,
          null,
          1,
          1,
          1,
          1,
          1,
          1,
          1,
          1,
          1,
          null,
          null,
          1,
          1,
          1,
          1,
          1,
          null,
          1,
          1,
          1,
          1,
          1,
          1,
          1,
          null,
          null,
          1,
          1,
          null,
          null,
          null,
          null,
          null,
          null,
          null,
          null,
          1,
          1,
          1,
          null,
          1,
          1,
          1,
          1,
          1,
          1,
          1,
          1,
          1,
          null,
          1,
          1,
          1,
          1,
          1,
          1,
          1,
          1,
          1,
          null,
          null,
          1,
          1,
          1,
          1,
          1,
          1,
          1,
          1,
          null,
          null,
          null,
          null
        ]
      },
      "/Users/trevorrobinson/turing/mod3/projects/final/sweater_weather/spec/rails_helper.rb": {
        "lines": [
          null,
          1,
          1,
          1,
          null,
          1,
          1,
          null,
          null,
          null,
          null,
          null,
          null,
          null,
          null,
          null,
          null,
          null,
          null,
          null,
          null,
          null,
          null,
          null,
          null,
          null,
          1,
          1,
          null,
          0,
          0,
          null,
          1,
          null,
          1,
          null,
          null,
          null,
          null,
          1,
          null,
          null,
          null,
          null,
          null,
          null,
          null,
          null,
          null,
          null,
          null,
          null,
          null,
          null,
          null,
          null,
          null,
          1,
          null,
          null,
          1,
          null,
          null,
          null,
          null,
          1,
          1,
          1,
          1,
          null,
          null,
          null,
          1,
          1,
          1,
          1,
          44,
          1,
          null
        ]
      },
      "/Users/trevorrobinson/turing/mod3/projects/final/sweater_weather/config/environment.rb": {
        "lines": [
          null,
          1,
          null,
          null,
          1
        ]
      },
      "/Users/trevorrobinson/turing/mod3/projects/final/sweater_weather/config/application.rb": {
        "lines": [
          1,
          null,
          1,
          null,
          1,
          1,
          1,
          1,
          1,
          1,
          1,
          1,
          null,
          null,
          null,
          null,
          null,
          1,
          null,
          1,
          1,
          null,
          1,
          1,
          null,
          null,
          null,
          null,
          null,
          null,
          null,
          null,
          null,
          1,
          null,
          null
        ]
      },
      "/Users/trevorrobinson/turing/mod3/projects/final/sweater_weather/config/boot.rb": {
        "lines": [
          1,
          null,
          1,
          1
        ]
      },
      "/Users/trevorrobinson/turing/mod3/projects/final/sweater_weather/config/environments/test.rb": {
        "lines": [
          1,
          null,
          null,
          null,
          null,
          null,
          null,
          1,
          null,
          null,
          null,
          null,
          1,
          null,
          null,
          1,
          1,
          null,
          null,
          null,
          null,
          1,
          1,
          null,
          null,
          1,
          null,
          null,
          1,
          null,
          null,
          1,
          null,
          1,
          null,
          null,
          null,
          null,
          1,
          null,
          null,
          1,
          null,
          null,
          null,
          null
        ]
      },
      "/Users/trevorrobinson/turing/mod3/projects/final/sweater_weather/config/initializers/application_controller_renderer.rb": {
        "lines": [
          null,
          null,
          null,
          null,
          null,
          null,
          null,
          null
        ]
      },
      "/Users/trevorrobinson/turing/mod3/projects/final/sweater_weather/config/initializers/backtrace_silencers.rb": {
        "lines": [
          null,
          null,
          null,
          null,
          null,
          null,
          null
        ]
      },
      "/Users/trevorrobinson/turing/mod3/projects/final/sweater_weather/config/initializers/cors.rb": {
        "lines": [
          null,
          null,
          null,
          null,
          null,
          null,
          null,
          null,
          null,
          null,
          null,
          null,
          null,
          null,
          null,
          null
        ]
      },
      "/Users/trevorrobinson/turing/mod3/projects/final/sweater_weather/config/initializers/filter_parameter_logging.rb": {
        "lines": [
          null,
          null,
          null,
          1
        ]
      },
      "/Users/trevorrobinson/turing/mod3/projects/final/sweater_weather/config/initializers/inflections.rb": {
        "lines": [
          null,
          null,
          null,
          null,
          null,
          null,
          null,
          null,
          null,
          null,
          null,
          null,
          null,
          null,
          null,
          null
        ]
      },
      "/Users/trevorrobinson/turing/mod3/projects/final/sweater_weather/config/initializers/mime_types.rb": {
        "lines": [
          null,
          null,
          null,
          null
        ]
      },
      "/Users/trevorrobinson/turing/mod3/projects/final/sweater_weather/config/initializers/wrap_parameters.rb": {
        "lines": [
          null,
          null,
          null,
          null,
          null,
          null,
          1,
          2,
          null,
          null,
          null,
          null,
          null,
          null
        ]
      },
      "/Users/trevorrobinson/turing/mod3/projects/final/sweater_weather/config/routes.rb": {
        "lines": [
          1,
          null,
          1,
          1,
          1,
          1,
          1,
          1,
          1,
          1,
          null,
          null,
          null
        ]
      },
      "/Users/trevorrobinson/turing/mod3/projects/final/sweater_weather/app/facades/background_facade.rb": {
        "lines": [
          1,
          1,
          5,
          5,
          3,
          null,
          2,
          null,
          null,
          null,
          1,
          6,
          6,
          6,
          3,
          null,
          3,
          null,
          null,
          null,
          1,
          3,
          3,
          3,
          3,
          3,
          null,
          null,
          1,
          4,
          null,
          null,
          1,
          4,
          null,
          null
        ]
      },
      "/Users/trevorrobinson/turing/mod3/projects/final/sweater_weather/spec/facades/forecast_facade_spec.rb": {
        "lines": [
          1,
          1,
          1,
          1,
          1,
          1,
          1,
          null,
          1,
          1,
          1,
          null,
          null,
          null,
          1,
          1,
          1,
          1,
          1,
          1,
          1,
          1,
          1,
          1,
          1,
          1,
          1,
          1,
          1,
          1,
          1,
          1,
          1,
          1,
          1,
          5,
          5,
          5,
          5,
          5,
          5,
          5,
          5,
          5,
          5,
          null,
          1,
          1,
          8,
          8,
          8,
          8,
          8,
          8,
          null,
          null,
          null,
          1,
          1,
          1,
          1,
          1,
          null,
          null,
          null,
          1,
          1,
          1,
          1,
          1,
          1,
          1,
          1,
          null,
          null,
          null,
          null
        ]
      },
      "/Users/trevorrobinson/turing/mod3/projects/final/sweater_weather/app/facades/forecast_facade.rb": {
        "lines": [
          1,
          1,
          3,
          3,
          1,
          null,
          2,
          null,
          null,
          null,
          1,
          4,
          4,
          4,
          1,
          null,
          3,
          null,
          null,
          null,
          1,
          3,
          3,
          3,
          null,
          null
        ]
      },
      "/Users/trevorrobinson/turing/mod3/projects/final/sweater_weather/spec/facades/roadtrip_facade_spec.rb": {
        "lines": [
          1,
          1,
          1,
          1,
          1,
          1,
          1,
          1,
          1,
          1,
          1,
          1,
          1,
          1,
          1,
          1,
          null,
          null,
          1,
          1,
          1,
          1,
          1,
          1,
          1,
          1,
          1,
          1,
          1,
          1,
          1,
          null,
          null,
          1,
          1,
          1,
          1,
          1,
          1,
          1,
          1,
          1,
          1,
          1,
          1,
          1,
          null,
          null,
          1,
          1,
          1,
          1,
          1,
          1,
          1,
          1,
          null,
          null,
          1,
          1,
          1,
          1,
          1,
          1,
          1,
          1,
          1,
          1,
          1,
          1,
          null,
          null,
          null
        ]
      },
      "/Users/trevorrobinson/turing/mod3/projects/final/sweater_weather/app/facades/roadtrip_facade.rb": {
        "lines": [
          1,
          1,
          6,
          6,
          6,
          2,
          null,
          4,
          4,
          4,
          4,
          4,
          null,
          null,
          null,
          1,
          7,
          7,
          7,
          2,
          5,
          3,
          null,
          2,
          null,
          null,
          null,
          null
        ]
      },
      "/Users/trevorrobinson/turing/mod3/projects/final/sweater_weather/spec/facades/salaries_facade_spec.rb": {
        "lines": [
          1,
          1,
          1,
          1,
          1,
          null,
          1,
          1,
          1,
          null,
          1,
          1,
          null,
          null,
          null,
          null,
          null,
          null,
          null,
          null,
          null,
          null,
          1,
          1,
          1,
          null,
          null,
          null,
          null,
          null
        ]
      },
      "/Users/trevorrobinson/turing/mod3/projects/final/sweater_weather/app/facades/salaries_facade.rb": {
        "lines": [
          1,
          null,
          1,
          2,
          2,
          2,
          null,
          null,
          1,
          1,
          1,
          null,
          null,
          1,
          1,
          1,
          1,
          null,
          null,
          null,
          1,
          1,
          1,
          1,
          1,
          null,
          null,
          1,
          2,
          2,
          2,
          57,
          9,
          null,
          null,
          2,
          null,
          null,
          null,
          null
        ]
      },
      "/Users/trevorrobinson/turing/mod3/projects/final/sweater_weather/spec/models/user_spec.rb": {
        "lines": [
          1,
          null,
          1,
          1,
          2,
          2,
          2,
          2,
          2,
          2,
          null,
          null
        ]
      },
      "/Users/trevorrobinson/turing/mod3/projects/final/sweater_weather/app/models/user.rb": {
        "lines": [
          1,
          1,
          1,
          1,
          1,
          null,
          1,
          null
        ]
      },
      "/Users/trevorrobinson/turing/mod3/projects/final/sweater_weather/app/models/application_record.rb": {
        "lines": [
          1,
          1,
          null
        ]
      },
      "/Users/trevorrobinson/turing/mod3/projects/final/sweater_weather/spec/poros/coordinates_spec.rb": {
        "lines": [
          1,
          1,
          1,
          1,
          1,
          1,
          1,
          1,
          null,
          null
        ]
      },
      "/Users/trevorrobinson/turing/mod3/projects/final/sweater_weather/app/poros/coordinates.rb": {
        "lines": [
          1,
          1,
          null,
          null,
          1,
          21,
          21,
          null,
          null
        ]
      },
      "/Users/trevorrobinson/turing/mod3/projects/final/sweater_weather/spec/poros/credit_spec.rb": {
        "lines": [
          1,
          1,
          1,
          1,
          null,
          1,
          1,
          1,
          1,
          1,
          1,
          null,
          null
        ]
      },
      "/Users/trevorrobinson/turing/mod3/projects/final/sweater_weather/app/poros/credit.rb": {
        "lines": [
          1,
          1,
          null,
          null,
          null,
          1,
          5,
          5,
          5,
          5,
          null,
          null
        ]
      },
      "/Users/trevorrobinson/turing/mod3/projects/final/sweater_weather/spec/poros/current_spec.rb": {
        "lines": [
          1,
          1,
          1,
          2,
          null,
          null,
          null,
          null,
          null,
          null,
          null,
          null,
          null,
          null,
          null,
          null,
          null,
          null,
          null,
          2,
          null,
          1,
          1,
          1,
          1,
          null,
          null,
          1,
          1,
          null,
          null
        ]
      },
      "/Users/trevorrobinson/turing/mod3/projects/final/sweater_weather/app/poros/current.rb": {
        "lines": [
          1,
          1,
          null,
          null,
          null,
          null,
          null,
          null,
          null,
          null,
          null,
          1,
          6,
          6,
          6,
          6,
          6,
          6,
          6,
          6,
          6,
          6,
          null,
          null,
          1,
          18,
          null,
          null
        ]
      },
      "/Users/trevorrobinson/turing/mod3/projects/final/sweater_weather/spec/poros/daily_spec.rb": {
        "lines": [
          1,
          1,
          1,
          2,
          null,
          null,
          null,
          null,
          null,
          null,
          null,
          null,
          null,
          null,
          null,
          null,
          null,
          null,
          null,
          null,
          null,
          2,
          null,
          1,
          null,
          1,
          1,
          1,
          null,
          1,
          1,
          null,
          null,
          null
        ]
      },
      "/Users/trevorrobinson/turing/mod3/projects/final/sweater_weather/app/poros/daily.rb": {
        "lines": [
          1,
          1,
          null,
          null,
          null,
          null,
          null,
          null,
          1,
          22,
          22,
          22,
          22,
          22,
          22,
          22,
          null,
          null,
          1,
          66,
          null,
          null
        ]
      },
      "/Users/trevorrobinson/turing/mod3/projects/final/sweater_weather/spec/poros/error_spec.rb": {
        "lines": [
          1,
          1,
          1,
          1,
          1,
          1,
          1,
          1,
          null,
          null
        ]
      },
      "/Users/trevorrobinson/turing/mod3/projects/final/sweater_weather/app/poros/error.rb": {
        "lines": [
          1,
          1,
          null,
          1,
          5,
          5,
          null,
          null
        ]
      },
      "/Users/trevorrobinson/turing/mod3/projects/final/sweater_weather/spec/poros/eta_spec.rb": {
        "lines": [
          1,
          1,
          1,
          1,
          1,
          1,
          1,
          1,
          null,
          null
        ]
      },
      "/Users/trevorrobinson/turing/mod3/projects/final/sweater_weather/app/poros/eta.rb": {
        "lines": [
          1,
          1,
          null,
          1,
          6,
          6,
          null,
          null,
          null
        ]
      },
      "/Users/trevorrobinson/turing/mod3/projects/final/sweater_weather/spec/poros/forecast_spec.rb": {
        "lines": [
          1,
          1,
          1,
          1,
          null,
          null,
          null,
          null,
          null,
          null,
          null,
          null,
          null,
          null,
          null,
          null,
          null,
          null,
          1,
          null,
          1,
          1,
          1,
          null,
          null
        ]
      },
      "/Users/trevorrobinson/turing/mod3/projects/final/sweater_weather/app/poros/forecast.rb": {
        "lines": [
          1,
          1,
          null,
          1,
          2,
          2,
          null,
          null,
          null
        ]
      },
      "/Users/trevorrobinson/turing/mod3/projects/final/sweater_weather/spec/poros/hourly_spec.rb": {
        "lines": [
          1,
          1,
          1,
          2,
          null,
          null,
          null,
          null,
          null,
          null,
          null,
          null,
          null,
          null,
          null,
          null,
          null,
          2,
          null,
          null,
          1,
          null,
          1,
          1,
          1,
          null,
          null,
          1,
          1,
          null,
          null
        ]
      },
      "/Users/trevorrobinson/turing/mod3/projects/final/sweater_weather/spec/poros/image_spec.rb": {
        "lines": [
          1,
          1,
          1,
          1,
          null,
          null,
          null,
          null,
          null,
          null,
          null,
          null,
          null,
          null,
          1,
          1,
          1,
          1,
          1,
          1,
          1,
          1,
          1,
          1,
          1,
          null,
          null
        ]
      },
      "/Users/trevorrobinson/turing/mod3/projects/final/sweater_weather/app/poros/image.rb": {
        "lines": [
          1,
          1,
          null,
          null,
          null,
          1,
          4,
          4,
          4,
          4,
          null,
          null
        ]
      },
      "/Users/trevorrobinson/turing/mod3/projects/final/sweater_weather/spec/poros/roadtrip_spec.rb": {
        "lines": [
          1,
          1,
          1,
          1,
          1,
          1,
          1,
          1,
          1,
          1,
          1,
          1,
          1,
          1,
          1,
          null,
          1,
          1,
          1,
          1,
          1,
          1,
          1,
          1,
          1,
          1,
          1,
          null,
          null
        ]
      },
      "/Users/trevorrobinson/turing/mod3/projects/final/sweater_weather/app/poros/roadtrip.rb": {
        "lines": [
          1,
          1,
          null,
          null,
          null,
          null,
          1,
          8,
          8,
          8,
          8,
          8,
          3,
          null,
          5,
          null,
          null,
          null
        ]
      },
      "/Users/trevorrobinson/turing/mod3/projects/final/sweater_weather/spec/poros/salary_spec.rb": {
        "lines": [
          1,
          1,
          1,
          1,
          null,
          null,
          1,
          null,
          1,
          1,
          1,
          null,
          null
        ]
      },
      "/Users/trevorrobinson/turing/mod3/projects/final/sweater_weather/spec/poros/weather_spec.rb": {
        "lines": [
          1,
          1,
          1,
          1,
          null,
          null,
          null,
          null,
          null,
          null,
          null,
          null,
          null,
          null,
          null,
          null,
          null,
          null,
          null,
          null,
          null,
          null,
          null,
          null,
          null,
          null,
          null,
          null,
          null,
          null,
          null,
          null,
          null,
          null,
          null,
          null,
          null,
          null,
          null,
          null,
          null,
          null,
          null,
          null,
          null,
          null,
          null,
          null,
          null,
          null,
          null,
          null,
          null,
          null,
          null,
          null,
          null,
          null,
          null,
          null,
          null,
          null,
          null,
          null,
          null,
          null,
          null,
          null,
          null,
          null,
          null,
          null,
          null,
          null,
          null,
          null,
          null,
          null,
          null,
          null,
          null,
          null,
          null,
          null,
          null,
          null,
          null,
          null,
          null,
          null,
          null,
          null,
          null,
          null,
          null,
          null,
          null,
          null,
          null,
          null,
          null,
          null,
          null,
          null,
          null,
          null,
          null,
          null,
          null,
          null,
          null,
          null,
          null,
          null,
          null,
          null,
          null,
          null,
          null,
          null,
          null,
          null,
          null,
          null,
          null,
          null,
          null,
          null,
          null,
          null,
          null,
          null,
          null,
          null,
          null,
          null,
          null,
          null,
          null,
          null,
          null,
          null,
          null,
          null,
          null,
          null,
          null,
          null,
          null,
          null,
          null,
          null,
          null,
          null,
          null,
          null,
          null,
          null,
          null,
          null,
          null,
          null,
          null,
          null,
          null,
          null,
          null,
          null,
          null,
          null,
          null,
          null,
          null,
          null,
          null,
          null,
          null,
          null,
          null,
          null,
          null,
          null,
          null,
          null,
          null,
          null,
          null,
          null,
          null,
          null,
          null,
          null,
          null,
          null,
          null,
          null,
          null,
          null,
          null,
          null,
          null,
          null,
          null,
          null,
          null,
          null,
          null,
          null,
          null,
          null,
          null,
          null,
          null,
          null,
          null,
          null,
          null,
          null,
          null,
          null,
          null,
          null,
          null,
          null,
          1,
          null,
          null,
          1,
          1,
          1,
          1,
          5,
          null,
          1,
          8,
          null,
          null,
          null
        ]
      },
      "/Users/trevorrobinson/turing/mod3/projects/final/sweater_weather/app/poros/weather.rb": {
        "lines": [
          1,
          1,
          null,
          null,
          null,
          1,
          4,
          4,
          4,
          4,
          null,
          null,
          1,
          4,
          20,
          null,
          null,
          null,
          1,
          4,
          32,
          null,
          null,
          null
        ]
      },
      "/Users/trevorrobinson/turing/mod3/projects/final/sweater_weather/spec/requests/background_show_spec.rb": {
        "lines": [
          1,
          1,
          1,
          1,
          1,
          1,
          1,
          1,
          1,
          1,
          1,
          1,
          1,
          1,
          1,
          1,
          1,
          1,
          1,
          1,
          1,
          1,
          1,
          1,
          1,
          1,
          1,
          1,
          1,
          1,
          null,
          null,
          null,
          1,
          1,
          1,
          1,
          1,
          1,
          1,
          null,
          null,
          null,
          null
        ]
      },
      "/Users/trevorrobinson/turing/mod3/projects/final/sweater_weather/spec/requests/forecast_show_spec.rb": {
        "lines": [
          1,
          1,
          1,
          1,
          1,
          1,
          1,
          1,
          1,
          1,
          1,
          1,
          1,
          1,
          1,
          1,
          1,
          1,
          1,
          1,
          1,
          1,
          1,
          1,
          1,
          1,
          1,
          1,
          1,
          1,
          1,
          1,
          1,
          1,
          1,
          1,
          1,
          1,
          1,
          1,
          1,
          5,
          5,
          5,
          5,
          5,
          5,
          5,
          5,
          5,
          5,
          5,
          5,
          5,
          5,
          null,
          1,
          1,
          1,
          8,
          8,
          8,
          8,
          8,
          8,
          8,
          8,
          null,
          null,
          null,
          null,
          1,
          1,
          1,
          1,
          1,
          1,
          1,
          null,
          null,
          null,
          null
        ]
      },
      "/Users/trevorrobinson/turing/mod3/projects/final/sweater_weather/spec/requests/roadtrip_show_spec.rb": {
        "lines": [
          1,
          1,
          1,
          1,
          1,
          1,
          1,
          1,
          1,
          1,
          1,
          1,
          1,
          1,
          1,
          1,
          1,
          1,
          1,
          1,
          1,
          1,
          1,
          1,
          1,
          1,
          1,
          1,
          1,
          1,
          1,
          null,
          null,
          null,
          1,
          1,
          1,
          1,
          1,
          1,
          1,
          1,
          1,
          null,
          null,
          1,
          1,
          1,
          1,
          1,
          1,
          1,
          1,
          1,
          1,
          1,
          1,
          1,
          1,
          1,
          1,
          1,
          1,
          1,
          1,
          1,
          1,
          1,
          1,
          1,
          null,
          null,
          null,
          null
        ]
      },
      "/Users/trevorrobinson/turing/mod3/projects/final/sweater_weather/spec/requests/sessions_create_spec.rb": {
        "lines": [
          1,
          1,
          1,
          1,
          1,
          1,
          1,
          1,
          1,
          1,
          1,
          1,
          1,
          1,
          1,
          1,
          1,
          1,
          1,
          1,
          1,
          1,
          1,
          null,
          null,
          null,
          1,
          1,
          1,
          1,
          1,
          1,
          1,
          1,
          1,
          null,
          null,
          null,
          null
        ]
      },
      "/Users/trevorrobinson/turing/mod3/projects/final/sweater_weather/spec/requests/user_create_spec.rb": {
        "lines": [
          1,
          1,
          1,
          1,
          1,
          1,
          1,
          1,
          1,
          1,
          1,
          1,
          1,
          1,
          1,
          1,
          1,
          1,
          1,
          1,
          1,
          1,
          null,
          null,
          null,
          1,
          1,
          1,
          1,
          1,
          1,
          1,
          1,
          1,
          null,
          null,
          1,
          1,
          1,
          1,
          1,
          1,
          1,
          null,
          null,
          1,
          1,
          1,
          1,
          1,
          1,
          1,
          null,
          null,
          null,
          null
        ]
      },
      "/Users/trevorrobinson/turing/mod3/projects/final/sweater_weather/spec/serializers/salaries_serializer_spec.rb": {
        "lines": [
          1,
          1,
          1,
          1,
          1,
          1,
          1,
          1,
          1,
          1,
          1,
          1,
          1,
          1,
          1,
          1,
          1,
          1,
          1,
          1,
          1,
          1,
          1,
          1,
          7,
          7,
          7,
          7,
          7,
          7,
          7,
          null,
          null,
          null,
          null
        ]
      },
      "/Users/trevorrobinson/turing/mod3/projects/final/sweater_weather/app/serializers/salaries_serializer.rb": {
        "lines": [
          1,
          1,
          1,
          1,
          1,
          null
        ]
      },
      "/Users/trevorrobinson/turing/mod3/projects/final/sweater_weather/spec/services/image_service_spec.rb": {
        "lines": [
          1,
          null,
          1,
          1,
          1,
          1,
          1,
          1,
          1,
          1,
          1,
          1,
          1,
          1,
          1,
          1,
          1,
          1,
          1,
          1,
          1,
          1,
          1,
          1,
          1,
          1,
          1,
          1,
          1,
          1,
          null,
          null,
          null,
          1,
          1,
          1,
          1,
          1,
          1,
          1,
          1,
          1,
          1,
          1,
          null,
          null,
          null
        ]
      },
      "/Users/trevorrobinson/turing/mod3/projects/final/sweater_weather/spec/services/location_service_spec.rb": {
        "lines": [
          1,
          null,
          1,
          1,
          1,
          1,
          1,
          1,
          1,
          1,
          1,
          null,
          null,
          1,
          1,
          1,
          1,
          1,
          1,
          1,
          1,
          1,
          1,
          1,
          1,
          1,
          1,
          1,
          1,
          null,
          null,
          null,
          1,
          1,
          1,
          1,
          1,
          1,
          1,
          1,
          1,
          1,
          1,
          1,
          null,
          null,
          1,
          1,
          1,
          1,
          1,
          1,
          1,
          1,
          1,
          1,
          1,
          1,
          null,
          null,
          1,
          1,
          1,
          1,
          1,
          1,
          1,
          1,
          1,
          1,
          1,
          1,
          null,
          null,
          null,
          null
        ]
      },
      "/Users/trevorrobinson/turing/mod3/projects/final/sweater_weather/spec/services/weather_service_spec.rb": {
        "lines": [
          1,
          null,
          1,
          1,
          1,
          1,
          1,
          1,
          1,
          1,
          1,
          1,
          1,
          1,
          1,
          1,
          1,
          1,
          1,
          1,
          1,
          1,
          1,
          1,
          1,
          1,
          1,
          1,
          1,
          1,
          1,
          1,
          1,
          1,
          1,
          1,
          1,
          1,
          5,
          5,
          5,
          5,
          5,
          5,
          5,
          5,
          5,
          5,
          5,
          5,
          5,
          5,
          5,
          5,
          5,
          5,
          null,
          1,
          1,
          1,
          8,
          8,
          8,
          8,
          8,
          8,
          8,
          8,
          8,
          8,
          null,
          null,
          null,
          1,
          1,
          1,
          1,
          1,
          1,
          1,
          1,
          1,
          1,
          1,
          1,
          1,
          1,
          1,
          1,
          1,
          1,
          1,
          1,
          1,
          1,
          1,
          1,
          1,
          null,
          null,
          null,
          1,
          1,
          1,
          1,
          1,
          1,
          1,
          1,
          1,
          1,
          null,
          null,
          1,
          1,
          1,
          1,
          1,
          1,
          1,
          1,
          1,
          1,
          null,
          null,
          null,
          null
        ]
      },
      "/Users/trevorrobinson/turing/mod3/projects/final/sweater_weather/app/services/image_service.rb": {
        "lines": [
          1,
          null,
          1,
          5,
          5,
          1,
          null,
          4,
          4,
          null,
          null,
          null,
          null,
          1,
          1,
          4,
          4,
          4,
          4,
          4,
          4,
          null,
          4,
          null,
          null,
          1,
          5,
          5,
          5,
          5,
          5,
          5,
          5,
          5,
          5,
          5,
          5,
          5,
          5,
          null,
          5,
          null,
          null,
          1,
          9,
          null,
          null,
          null
        ]
      },
      "/Users/trevorrobinson/turing/mod3/projects/final/sweater_weather/app/services/location_service.rb": {
        "lines": [
          1,
          null,
          1,
          14,
          14,
          5,
          null,
          9,
          null,
          null,
          null,
          1,
          9,
          9,
          4,
          null,
          5,
          null,
          null,
          null,
          1,
          null,
          1,
          9,
          9,
          9,
          9,
          null,
          9,
          null,
          null,
          1,
          14,
          14,
          14,
          null,
          14,
          null,
          null,
          1,
          23,
          null,
          null,
          null
        ]
      },
      "/Users/trevorrobinson/turing/mod3/projects/final/sweater_weather/app/services/weather_service.rb": {
        "lines": [
          1,
          1,
          5,
          5,
          1,
          null,
          4,
          null,
          null,
          null,
          1,
          1,
          1,
          null,
          null,
          1,
          8,
          8,
          0,
          8,
          1,
          7,
          2,
          5,
          1,
          1,
          null,
          4,
          null,
          null,
          null,
          null,
          1,
          null,
          1,
          14,
          14,
          14,
          14,
          14,
          14,
          null,
          null,
          14,
          null,
          null,
          1,
          14,
          null,
          null
        ]
      },
      "/Users/trevorrobinson/turing/mod3/projects/final/sweater_weather/app/poros/hourly.rb": {
        "lines": [
          1,
          1,
          null,
          null,
          null,
          1,
          34,
          34,
          34,
          34,
          null,
          null,
          1,
          34,
          null,
          null
        ]
      },
      "/Users/trevorrobinson/turing/mod3/projects/final/sweater_weather/app/poros/salary.rb": {
        "lines": [
          1,
          1,
          null,
          null,
          1,
          8,
          8,
          8,
          null,
          null,
          1,
          16,
          null,
          null
        ]
      },
      "/Users/trevorrobinson/turing/mod3/projects/final/sweater_weather/app/controllers/api/v1/backgrounds_controller.rb": {
        "lines": [
          1,
          1,
          2,
          2,
          2,
          1,
          null,
          1,
          null,
          null,
          null
        ]
      },
      "/Users/trevorrobinson/turing/mod3/projects/final/sweater_weather/app/controllers/application_controller.rb": {
        "lines": [
          1,
          null,
          null,
          null,
          null,
          null,
          null,
          null,
          null,
          null,
          null,
          null,
          null
        ]
      },
      "/Users/trevorrobinson/turing/mod3/projects/final/sweater_weather/app/serializers/background_serializer.rb": {
        "lines": [
          1,
          1,
          1,
          1,
          1,
          null
        ]
      },
      "/Users/trevorrobinson/turing/mod3/projects/final/sweater_weather/app/controllers/api/v1/forecast_controller.rb": {
        "lines": [
          1,
          1,
          2,
          2,
          2,
          1,
          null,
          1,
          null,
          null,
          null
        ]
      },
      "/Users/trevorrobinson/turing/mod3/projects/final/sweater_weather/app/serializers/forecast_serializer.rb": {
        "lines": [
          1,
          1,
          1,
          1,
          1,
          null
        ]
      },
      "/Users/trevorrobinson/turing/mod3/projects/final/sweater_weather/app/controllers/api/v1/roadtrip_controller.rb": {
        "lines": [
          1,
          1,
          3,
          3,
          1,
          null,
          2,
          2,
          null,
          null,
          null
        ]
      },
      "/Users/trevorrobinson/turing/mod3/projects/final/sweater_weather/app/serializers/roadtrip_serializer.rb": {
        "lines": [
          1,
          1,
          1,
          1,
          1,
          null
        ]
      },
      "/Users/trevorrobinson/turing/mod3/projects/final/sweater_weather/app/controllers/api/v1/sessions_controller.rb": {
        "lines": [
          1,
          1,
          2,
          2,
          1,
          null,
          1,
          null,
          null,
          null
        ]
      },
      "/Users/trevorrobinson/turing/mod3/projects/final/sweater_weather/app/serializers/users_serializer.rb": {
        "lines": [
          1,
          1,
          1,
          1,
          1,
          null
        ]
      },
      "/Users/trevorrobinson/turing/mod3/projects/final/sweater_weather/app/controllers/api/v1/users_controller.rb": {
        "lines": [
          1,
          1,
          4,
          4,
          3,
          null,
          1,
          null,
          null,
          null,
          1,
          1,
          4,
          null,
          null
        ]
      },
      "/Users/trevorrobinson/turing/mod3/projects/final/sweater_weather/app/services/salaries_service.rb": {
        "lines": [
          1,
          null,
          1,
          1,
          1,
          null,
          null,
          1,
          null,
          1,
          1,
          1,
          1,
          null,
          1,
          null,
          null,
          1,
          1,
          null,
          null,
          null
        ]
      },
      "/Users/trevorrobinson/turing/mod3/projects/final/sweater_weather/app/poros/salaries.rb": {
        "lines": [
          1,
          1,
          null,
          null,
          1,
          1,
          1,
          1,
          null,
          null,
          1,
          1,
          null,
          1,
          1,
          7,
          null,
          null,
          null
        ]
      }
    },
    "timestamp": 1619590426
  }
}
